<?xml version="1.0" encoding="UTF-8"?>
<!-- Generated by org.testng.reporters.JUnitXMLReporter -->
<testsuite ignored="0" hostname="DESKTOP-J0IEVFN" failures="0" tests="3" name="Surefire test" time="61.093" errors="0" timestamp="19 Jul 2022 10:31:48 GMT">
  <testcase classname="FB.TestCases.HomePageTest" name="checkProfileTextTest" time="0.402"/>
  <testcase classname="FB.TestCases.LoginPageTest" name="LoginPageTitleTest" time="0.026"/>
  <testcase classname="FB.TestCases.ProfilePageTest" name="editTheProfileTest" time="7.158"/>
</testsuite> <!-- Surefire test -->
