<?xml version="1.0" encoding="UTF-8"?>
<!-- Generated by org.testng.reporters.JUnitXMLReporter -->
<testsuite ignored="0" hostname="DESKTOP-J0IEVFN" failures="0" tests="11" name="Test" time="212.995" errors="0" timestamp="2022-07-19T05:58:54 IST">
  <testcase classname="FB.TestCases.LoginPageTest" name="LoginPageTitleTest" time="0.035"/>
  <testcase classname="FB.TestCases.LoginPageTest" name="LoginTest" time="5.326"/>
  <testcase classname="FB.TestCases.LoginPageTest" name="forgottPasswordTest" time="1.557"/>
  <testcase classname="FB.TestCases.LoginPageTest" name="mulitipleUserLoginTest" time="0.385"/>
  <testcase classname="FB.TestCases.LoginPageTest" name="mulitipleUserLoginTest" time="0.38"/>
  <testcase classname="FB.TestCases.ProfilePageTest" name="editTheProfileTest" time="4.148"/>
  <testcase classname="FB.TestCases.HomePageTest" name="checkProfileTextTest" time="8.719"/>
  <testcase classname="FB.TestCases.HomePageTest" name="clickOnProfileTest" time="0.138"/>
  <testcase classname="FB.TestCases.HomePageTest" name="FindFriendstextTest" time="0.072"/>
  <testcase classname="FB.TestCases.HomePageTest" name="FindFriendsVisibleTextTest" time="0.178"/>
  <testcase classname="FB.TestCases.HomePageTest" name="createStoryTest" time="3.54"/>
</testsuite> <!-- Test -->
