<?xml version="1.0" encoding="UTF-8"?>
<!-- Generated by org.testng.reporters.JUnitXMLReporter -->
<testsuite ignored="0" hostname="DESKTOP-J0IEVFN" failures="0" tests="9" name="Test" time="193.341" errors="0" timestamp="2022-07-18T06:47:48 IST">
  <testcase classname="FB.TestCases.LoginPageTest" name="LoginPageTitleTest" time="0.03"/>
  <testcase classname="FB.TestCases.LoginPageTest" name="LoginTest" time="5.315"/>
  <testcase classname="FB.TestCases.LoginPageTest" name="forgottPasswordTest" time="1.555"/>
  <testcase classname="FB.TestCases.ProfilePageTest" name="editTheProfileTest" time="4.497"/>
  <testcase classname="FB.TestCases.HomePageTest" name="checkProfileTextTest" time="0.071"/>
  <testcase classname="FB.TestCases.HomePageTest" name="clickOnProfileTest" time="0.264"/>
  <testcase classname="FB.TestCases.HomePageTest" name="FindFriendstextTest" time="0.062"/>
  <testcase classname="FB.TestCases.HomePageTest" name="FindFriendsVisibleTextTest" time="0.188"/>
  <testcase classname="FB.TestCases.HomePageTest" name="createStoryTest" time="6.913"/>
</testsuite> <!-- Test -->
