<?xml version="1.0" encoding="UTF-8"?>
<testng-results ignored="0" total="3" passed="3" failed="0" skipped="0">
  <reporter-output>
  </reporter-output>
  <suite started-at="2022-07-19T10:30:47Z" name="Surefire suite" finished-at="2022-07-19T10:31:48Z" duration-ms="61093">
    <groups>
    </groups>
    <test started-at="2022-07-19T10:30:47Z" name="Surefire test" finished-at="2022-07-19T10:31:48Z" duration-ms="61093">
      <class name="FB.TestCases.LoginPageTest">
        <test-method is-config="true" signature="setUp()[pri:0, instance:FB.TestCases.LoginPageTest@dd0c991]" started-at="2022-07-19T10:31:08Z" name="setUp" finished-at="2022-07-19T10:31:17Z" duration-ms="9480" status="PASS">
          <reporter-output>
          </reporter-output>
        </test-method> <!-- setUp -->
        <test-method signature="LoginPageTitleTest()[pri:1, instance:FB.TestCases.LoginPageTest@dd0c991]" started-at="2022-07-19T10:31:17Z" name="LoginPageTitleTest" finished-at="2022-07-19T10:31:17Z" duration-ms="26" status="PASS">
          <reporter-output>
          </reporter-output>
        </test-method> <!-- LoginPageTitleTest -->
        <test-method is-config="true" signature="tearDown()[pri:0, instance:FB.TestCases.LoginPageTest@dd0c991]" started-at="2022-07-19T10:31:17Z" name="tearDown" finished-at="2022-07-19T10:31:23Z" duration-ms="5470" status="PASS">
          <reporter-output>
          </reporter-output>
        </test-method> <!-- tearDown -->
      </class> <!-- FB.TestCases.LoginPageTest -->
      <class name="FB.TestCases.ProfilePageTest">
        <test-method is-config="true" signature="SetUp()[pri:0, instance:FB.TestCases.ProfilePageTest@5f16132a]" started-at="2022-07-19T10:31:23Z" name="SetUp" finished-at="2022-07-19T10:31:36Z" duration-ms="12660" status="PASS">
          <reporter-output>
          </reporter-output>
        </test-method> <!-- SetUp -->
        <test-method signature="editTheProfileTest()[pri:1, instance:FB.TestCases.ProfilePageTest@5f16132a]" started-at="2022-07-19T10:31:36Z" name="editTheProfileTest" description="Update profile" finished-at="2022-07-19T10:31:43Z" duration-ms="7158" status="PASS">
          <reporter-output>
          </reporter-output>
        </test-method> <!-- editTheProfileTest -->
        <test-method is-config="true" signature="tearDown()[pri:0, instance:FB.TestCases.ProfilePageTest@5f16132a]" started-at="2022-07-19T10:31:43Z" name="tearDown" finished-at="2022-07-19T10:31:48Z" duration-ms="5585" status="PASS">
          <reporter-output>
          </reporter-output>
        </test-method> <!-- tearDown -->
      </class> <!-- FB.TestCases.ProfilePageTest -->
      <class name="FB.TestCases.HomePageTest">
        <test-method is-config="true" signature="SetUp()[pri:0, instance:FB.TestCases.HomePageTest@6bf0219d]" started-at="2022-07-19T10:30:47Z" name="SetUp" finished-at="2022-07-19T10:31:02Z" duration-ms="14556" status="PASS">
          <reporter-output>
          </reporter-output>
        </test-method> <!-- SetUp -->
        <test-method signature="checkProfileTextTest()[pri:1, instance:FB.TestCases.HomePageTest@6bf0219d]" started-at="2022-07-19T10:31:02Z" name="checkProfileTextTest" finished-at="2022-07-19T10:31:02Z" duration-ms="402" status="PASS">
          <reporter-output>
          </reporter-output>
        </test-method> <!-- checkProfileTextTest -->
        <test-method is-config="true" signature="tearDown()[pri:0, instance:FB.TestCases.HomePageTest@6bf0219d]" started-at="2022-07-19T10:31:02Z" name="tearDown" finished-at="2022-07-19T10:31:08Z" duration-ms="5518" status="PASS">
          <reporter-output>
          </reporter-output>
        </test-method> <!-- tearDown -->
      </class> <!-- FB.TestCases.HomePageTest -->
    </test> <!-- Surefire test -->
  </suite> <!-- Surefire suite -->
</testng-results>
