<?xml version="1.0" encoding="UTF-8"?>
<testsuite xmlns:xsi="http://www.w3.org/2001/XMLSchema-instance" xsi:noNamespaceSchemaLocation="https://maven.apache.org/surefire/maven-surefire-plugin/xsd/surefire-test-report.xsd" name="TestSuite" time="62.227" tests="3" errors="0" skipped="0" failures="0">
  <properties>
[...]
</properties>
  <testcase name="checkProfileTextTest" classname="FB.TestCases.HomePageTest" time="0.398"/>
  <testcase name="LoginPageTitleTest" classname="FB.TestCases.LoginPageTest" time="0.025"/>
  <testcase name="editTheProfileTest" classname="FB.TestCases.ProfilePageTest" time="7.113"/>
</testsuite>