<?xml version="1.0" encoding="UTF-8"?>
<testng-results ignored="0" total="11" passed="11" failed="0" skipped="0">
  <reporter-output>
  </reporter-output>
  <suite started-at="2022-07-20T06:42:28 IST" name="Suite" finished-at="2022-07-20T06:46:22 IST" duration-ms="233747">
    <groups>
    </groups>
    <test started-at="2022-07-20T06:42:28 IST" name="Test" finished-at="2022-07-20T06:46:22 IST" duration-ms="233747">
      <class name="FB.TestCases.LoginPageTest">
        <test-method is-config="true" signature="setUp()[pri:0, instance:FB.TestCases.LoginPageTest@5812f68b]" started-at="2022-07-20T06:42:28 IST" name="setUp" finished-at="2022-07-20T06:42:41 IST" duration-ms="12930" status="PASS">
          <reporter-output>
          </reporter-output>
        </test-method> <!-- setUp -->
        <test-method signature="LoginPageTitleTest()[pri:1, instance:FB.TestCases.LoginPageTest@5812f68b]" started-at="2022-07-20T06:42:41 IST" name="LoginPageTitleTest" description="get the title from the login" finished-at="2022-07-20T06:42:41 IST" duration-ms="118" status="PASS">
          <reporter-output>
          </reporter-output>
        </test-method> <!-- LoginPageTitleTest -->
        <test-method is-config="true" signature="tearDown()[pri:0, instance:FB.TestCases.LoginPageTest@5812f68b]" started-at="2022-07-20T06:42:41 IST" name="tearDown" finished-at="2022-07-20T06:42:47 IST" duration-ms="5308" status="PASS">
          <reporter-output>
          </reporter-output>
        </test-method> <!-- tearDown -->
        <test-method is-config="true" signature="setUp()[pri:0, instance:FB.TestCases.LoginPageTest@5812f68b]" started-at="2022-07-20T06:42:47 IST" name="setUp" finished-at="2022-07-20T06:42:56 IST" duration-ms="9120" status="PASS">
          <reporter-output>
          </reporter-output>
        </test-method> <!-- setUp -->
        <test-method signature="LoginTest()[pri:2, instance:FB.TestCases.LoginPageTest@5812f68b]" started-at="2022-07-20T06:42:56 IST" name="LoginTest" description="user login" finished-at="2022-07-20T06:43:01 IST" duration-ms="5315" status="PASS">
          <reporter-output>
          </reporter-output>
        </test-method> <!-- LoginTest -->
        <test-method is-config="true" signature="tearDown()[pri:0, instance:FB.TestCases.LoginPageTest@5812f68b]" started-at="2022-07-20T06:43:01 IST" name="tearDown" finished-at="2022-07-20T06:43:06 IST" duration-ms="5332" status="PASS">
          <reporter-output>
          </reporter-output>
        </test-method> <!-- tearDown -->
        <test-method is-config="true" signature="setUp()[pri:0, instance:FB.TestCases.LoginPageTest@5812f68b]" started-at="2022-07-20T06:43:06 IST" name="setUp" finished-at="2022-07-20T06:43:16 IST" duration-ms="9161" status="PASS">
          <reporter-output>
          </reporter-output>
        </test-method> <!-- setUp -->
        <test-method signature="forgottPasswordTest()[pri:3, instance:FB.TestCases.LoginPageTest@5812f68b]" started-at="2022-07-20T06:43:16 IST" name="forgottPasswordTest" description="check the forgot password" finished-at="2022-07-20T06:43:17 IST" duration-ms="1662" status="PASS">
          <reporter-output>
          </reporter-output>
        </test-method> <!-- forgottPasswordTest -->
        <test-method is-config="true" signature="tearDown()[pri:0, instance:FB.TestCases.LoginPageTest@5812f68b]" started-at="2022-07-20T06:43:17 IST" name="tearDown" finished-at="2022-07-20T06:43:23 IST" duration-ms="5349" status="PASS">
          <reporter-output>
          </reporter-output>
        </test-method> <!-- tearDown -->
        <test-method is-config="true" signature="setUp()[pri:0, instance:FB.TestCases.LoginPageTest@5812f68b]" started-at="2022-07-20T06:43:24 IST" name="setUp" finished-at="2022-07-20T06:43:31 IST" duration-ms="7527" status="PASS">
          <reporter-output>
          </reporter-output>
        </test-method> <!-- setUp -->
        <test-method signature="mulitipleUserLoginTest(java.lang.String,java.lang.String)[pri:4, instance:FB.TestCases.LoginPageTest@5812f68b]" started-at="2022-07-20T06:43:31 IST" name="mulitipleUserLoginTest" description="check the multiple user login" data-provider="getLoginTestData" finished-at="2022-07-20T06:43:31 IST" duration-ms="435" status="PASS">
          <params>
            <param index="0">
              <value>
                <![CDATA[mythiliannamalai45@gmail.com]]>
              </value>
            </param>
            <param index="1">
              <value>
                <![CDATA[Mylikanna45]]>
              </value>
            </param>
          </params>
          <reporter-output>
          </reporter-output>
        </test-method> <!-- mulitipleUserLoginTest -->
        <test-method is-config="true" signature="tearDown()[pri:0, instance:FB.TestCases.LoginPageTest@5812f68b]" started-at="2022-07-20T06:43:31 IST" name="tearDown" finished-at="2022-07-20T06:43:37 IST" duration-ms="5397" status="PASS">
          <reporter-output>
          </reporter-output>
        </test-method> <!-- tearDown -->
        <test-method is-config="true" signature="setUp()[pri:0, instance:FB.TestCases.LoginPageTest@5812f68b]" started-at="2022-07-20T06:43:37 IST" name="setUp" finished-at="2022-07-20T06:43:44 IST" duration-ms="7216" status="PASS">
          <reporter-output>
          </reporter-output>
        </test-method> <!-- setUp -->
        <test-method signature="mulitipleUserLoginTest(java.lang.String,java.lang.String)[pri:4, instance:FB.TestCases.LoginPageTest@5812f68b]" started-at="2022-07-20T06:43:44 IST" name="mulitipleUserLoginTest" description="check the multiple user login" data-provider="getLoginTestData" finished-at="2022-07-20T06:43:44 IST" duration-ms="321" status="PASS">
          <params>
            <param index="0">
              <value>
                <![CDATA[mythilinaveenkumar45@gmail.com]]>
              </value>
            </param>
            <param index="1">
              <value>
                <![CDATA[mylikanna45]]>
              </value>
            </param>
          </params>
          <reporter-output>
          </reporter-output>
        </test-method> <!-- mulitipleUserLoginTest -->
        <test-method is-config="true" signature="tearDown()[pri:0, instance:FB.TestCases.LoginPageTest@5812f68b]" started-at="2022-07-20T06:43:44 IST" name="tearDown" finished-at="2022-07-20T06:43:50 IST" duration-ms="5339" status="PASS">
          <reporter-output>
          </reporter-output>
        </test-method> <!-- tearDown -->
      </class> <!-- FB.TestCases.LoginPageTest -->
      <class name="FB.TestCases.ProfilePageTest">
        <test-method is-config="true" signature="SetUp()[pri:0, instance:FB.TestCases.ProfilePageTest@53fd0d10]" started-at="2022-07-20T06:43:50 IST" name="SetUp" finished-at="2022-07-20T06:44:07 IST" duration-ms="17536" status="PASS">
          <reporter-output>
          </reporter-output>
        </test-method> <!-- SetUp -->
        <test-method signature="editTheProfileTest()[pri:1, instance:FB.TestCases.ProfilePageTest@53fd0d10]" started-at="2022-07-20T06:44:07 IST" name="editTheProfileTest" description="Update profile" finished-at="2022-07-20T06:44:11 IST" duration-ms="3723" status="PASS">
          <reporter-output>
          </reporter-output>
        </test-method> <!-- editTheProfileTest -->
        <test-method is-config="true" signature="tearDown()[pri:0, instance:FB.TestCases.ProfilePageTest@53fd0d10]" started-at="2022-07-20T06:44:11 IST" name="tearDown" finished-at="2022-07-20T06:44:16 IST" duration-ms="5447" status="PASS">
          <reporter-output>
          </reporter-output>
        </test-method> <!-- tearDown -->
      </class> <!-- FB.TestCases.ProfilePageTest -->
      <class name="FB.TestCases.HomePageTest">
        <test-method is-config="true" signature="SetUp()[pri:0, instance:FB.TestCases.HomePageTest@24111ef1]" started-at="2022-07-20T06:44:16 IST" name="SetUp" finished-at="2022-07-20T06:44:32 IST" duration-ms="15828" status="PASS">
          <reporter-output>
          </reporter-output>
        </test-method> <!-- SetUp -->
        <test-method signature="checkProfileTextTest()[pri:1, instance:FB.TestCases.HomePageTest@24111ef1]" started-at="2022-07-20T06:44:32 IST" name="checkProfileTextTest" description="check the profile page text" finished-at="2022-07-20T06:44:32 IST" duration-ms="95" status="PASS">
          <reporter-output>
          </reporter-output>
        </test-method> <!-- checkProfileTextTest -->
        <test-method is-config="true" signature="tearDown()[pri:0, instance:FB.TestCases.HomePageTest@24111ef1]" started-at="2022-07-20T06:44:32 IST" name="tearDown" finished-at="2022-07-20T06:44:38 IST" duration-ms="5445" status="PASS">
          <reporter-output>
          </reporter-output>
        </test-method> <!-- tearDown -->
        <test-method is-config="true" signature="SetUp()[pri:0, instance:FB.TestCases.HomePageTest@24111ef1]" started-at="2022-07-20T06:44:38 IST" name="SetUp" finished-at="2022-07-20T06:44:52 IST" duration-ms="14366" status="PASS">
          <reporter-output>
          </reporter-output>
        </test-method> <!-- SetUp -->
        <test-method signature="clickOnProfileTest()[pri:2, instance:FB.TestCases.HomePageTest@24111ef1]" started-at="2022-07-20T06:44:52 IST" name="clickOnProfileTest" description="go to the profile page" finished-at="2022-07-20T06:44:52 IST" duration-ms="207" status="PASS">
          <reporter-output>
          </reporter-output>
        </test-method> <!-- clickOnProfileTest -->
        <test-method is-config="true" signature="tearDown()[pri:0, instance:FB.TestCases.HomePageTest@24111ef1]" started-at="2022-07-20T06:44:52 IST" name="tearDown" finished-at="2022-07-20T06:44:58 IST" duration-ms="5357" status="PASS">
          <reporter-output>
          </reporter-output>
        </test-method> <!-- tearDown -->
        <test-method is-config="true" signature="SetUp()[pri:0, instance:FB.TestCases.HomePageTest@24111ef1]" started-at="2022-07-20T06:44:58 IST" name="SetUp" finished-at="2022-07-20T06:45:21 IST" duration-ms="23459" status="PASS">
          <reporter-output>
          </reporter-output>
        </test-method> <!-- SetUp -->
        <test-method signature="FindFriendstextTest()[pri:3, instance:FB.TestCases.HomePageTest@24111ef1]" started-at="2022-07-20T06:45:21 IST" name="FindFriendstextTest" description="check the Find friends page text" finished-at="2022-07-20T06:45:22 IST" duration-ms="930" status="PASS">
          <reporter-output>
          </reporter-output>
        </test-method> <!-- FindFriendstextTest -->
        <test-method is-config="true" signature="tearDown()[pri:0, instance:FB.TestCases.HomePageTest@24111ef1]" started-at="2022-07-20T06:45:22 IST" name="tearDown" finished-at="2022-07-20T06:45:28 IST" duration-ms="5381" status="PASS">
          <reporter-output>
          </reporter-output>
        </test-method> <!-- tearDown -->
        <test-method is-config="true" signature="SetUp()[pri:0, instance:FB.TestCases.HomePageTest@24111ef1]" started-at="2022-07-20T06:45:28 IST" name="SetUp" finished-at="2022-07-20T06:45:42 IST" duration-ms="14343" status="PASS">
          <reporter-output>
          </reporter-output>
        </test-method> <!-- SetUp -->
        <test-method signature="FindFriendsVisibleTextTest()[pri:4, instance:FB.TestCases.HomePageTest@24111ef1]" started-at="2022-07-20T06:45:42 IST" name="FindFriendsVisibleTextTest" description="go to the Find friends page" finished-at="2022-07-20T06:45:42 IST" duration-ms="235" status="PASS">
          <reporter-output>
          </reporter-output>
        </test-method> <!-- FindFriendsVisibleTextTest -->
        <test-method is-config="true" signature="tearDown()[pri:0, instance:FB.TestCases.HomePageTest@24111ef1]" started-at="2022-07-20T06:45:42 IST" name="tearDown" finished-at="2022-07-20T06:45:48 IST" duration-ms="5433" status="PASS">
          <reporter-output>
          </reporter-output>
        </test-method> <!-- tearDown -->
        <test-method is-config="true" signature="SetUp()[pri:0, instance:FB.TestCases.HomePageTest@24111ef1]" started-at="2022-07-20T06:45:48 IST" name="SetUp" finished-at="2022-07-20T06:46:07 IST" duration-ms="19544" status="PASS">
          <reporter-output>
          </reporter-output>
        </test-method> <!-- SetUp -->
        <test-method signature="createStoryTest()[pri:5, instance:FB.TestCases.HomePageTest@24111ef1]" started-at="2022-07-20T06:46:07 IST" name="createStoryTest" description="create the story" finished-at="2022-07-20T06:46:15 IST" duration-ms="8304" status="PASS">
          <reporter-output>
          </reporter-output>
        </test-method> <!-- createStoryTest -->
        <test-method is-config="true" signature="tearDown()[pri:0, instance:FB.TestCases.HomePageTest@24111ef1]" started-at="2022-07-20T06:46:16 IST" name="tearDown" finished-at="2022-07-20T06:46:22 IST" duration-ms="6219" status="PASS">
          <reporter-output>
          </reporter-output>
        </test-method> <!-- tearDown -->
      </class> <!-- FB.TestCases.HomePageTest -->
    </test> <!-- Test -->
  </suite> <!-- Suite -->
</testng-results>
