<?xml version="1.0" encoding="UTF-8"?>
<testng-results ignored="0" total="9" passed="9" failed="0" skipped="0">
  <reporter-output>
  </reporter-output>
  <suite started-at="2022-07-18T06:44:35 IST" name="Suite" finished-at="2022-07-18T06:47:48 IST" duration-ms="193341">
    <groups>
    </groups>
    <test started-at="2022-07-18T06:44:35 IST" name="Test" finished-at="2022-07-18T06:47:48 IST" duration-ms="193341">
      <class name="FB.TestCases.LoginPageTest">
        <test-method is-config="true" signature="setUp()[pri:0, instance:FB.TestCases.LoginPageTest@536f2a7e]" started-at="2022-07-18T06:44:35 IST" name="setUp" finished-at="2022-07-18T06:44:45 IST" duration-ms="10191" status="PASS">
          <reporter-output>
          </reporter-output>
        </test-method> <!-- setUp -->
        <test-method signature="LoginPageTitleTest()[pri:1, instance:FB.TestCases.LoginPageTest@536f2a7e]" started-at="2022-07-18T06:44:45 IST" name="LoginPageTitleTest" finished-at="2022-07-18T06:44:45 IST" duration-ms="30" status="PASS">
          <reporter-output>
          </reporter-output>
        </test-method> <!-- LoginPageTitleTest -->
        <test-method is-config="true" signature="tearDown()[pri:0, instance:FB.TestCases.LoginPageTest@536f2a7e]" started-at="2022-07-18T06:44:45 IST" name="tearDown" finished-at="2022-07-18T06:44:50 IST" duration-ms="5308" status="PASS">
          <reporter-output>
          </reporter-output>
        </test-method> <!-- tearDown -->
        <test-method is-config="true" signature="setUp()[pri:0, instance:FB.TestCases.LoginPageTest@536f2a7e]" started-at="2022-07-18T06:44:50 IST" name="setUp" finished-at="2022-07-18T06:44:58 IST" duration-ms="7232" status="PASS">
          <reporter-output>
          </reporter-output>
        </test-method> <!-- setUp -->
        <test-method signature="LoginTest()[pri:2, instance:FB.TestCases.LoginPageTest@536f2a7e]" started-at="2022-07-18T06:44:58 IST" name="LoginTest" finished-at="2022-07-18T06:45:03 IST" duration-ms="5315" status="PASS">
          <reporter-output>
          </reporter-output>
        </test-method> <!-- LoginTest -->
        <test-method is-config="true" signature="tearDown()[pri:0, instance:FB.TestCases.LoginPageTest@536f2a7e]" started-at="2022-07-18T06:45:03 IST" name="tearDown" finished-at="2022-07-18T06:45:08 IST" duration-ms="5320" status="PASS">
          <reporter-output>
          </reporter-output>
        </test-method> <!-- tearDown -->
        <test-method is-config="true" signature="setUp()[pri:0, instance:FB.TestCases.LoginPageTest@536f2a7e]" started-at="2022-07-18T06:45:08 IST" name="setUp" finished-at="2022-07-18T06:45:17 IST" duration-ms="8423" status="PASS">
          <reporter-output>
          </reporter-output>
        </test-method> <!-- setUp -->
        <test-method signature="forgottPasswordTest()[pri:3, instance:FB.TestCases.LoginPageTest@536f2a7e]" started-at="2022-07-18T06:45:17 IST" name="forgottPasswordTest" finished-at="2022-07-18T06:45:18 IST" duration-ms="1555" status="PASS">
          <reporter-output>
          </reporter-output>
        </test-method> <!-- forgottPasswordTest -->
        <test-method is-config="true" signature="tearDown()[pri:0, instance:FB.TestCases.LoginPageTest@536f2a7e]" started-at="2022-07-18T06:45:18 IST" name="tearDown" finished-at="2022-07-18T06:45:24 IST" duration-ms="5295" status="PASS">
          <reporter-output>
          </reporter-output>
        </test-method> <!-- tearDown -->
      </class> <!-- FB.TestCases.LoginPageTest -->
      <class name="FB.TestCases.ProfilePageTest">
        <test-method is-config="true" signature="SetUp()[pri:0, instance:FB.TestCases.ProfilePageTest@25df00a0]" started-at="2022-07-18T06:45:24 IST" name="SetUp" finished-at="2022-07-18T06:45:43 IST" duration-ms="19744" status="PASS">
          <reporter-output>
          </reporter-output>
        </test-method> <!-- SetUp -->
        <test-method signature="editTheProfileTest()[pri:1, instance:FB.TestCases.ProfilePageTest@25df00a0]" started-at="2022-07-18T06:45:43 IST" name="editTheProfileTest" finished-at="2022-07-18T06:45:48 IST" duration-ms="4497" status="PASS">
          <reporter-output>
          </reporter-output>
        </test-method> <!-- editTheProfileTest -->
        <test-method is-config="true" signature="tearDown()[pri:0, instance:FB.TestCases.ProfilePageTest@25df00a0]" started-at="2022-07-18T06:45:48 IST" name="tearDown" finished-at="2022-07-18T06:45:53 IST" duration-ms="5322" status="PASS">
          <reporter-output>
          </reporter-output>
        </test-method> <!-- tearDown -->
      </class> <!-- FB.TestCases.ProfilePageTest -->
      <class name="FB.TestCases.HomePageTest">
        <test-method is-config="true" signature="SetUp()[pri:0, instance:FB.TestCases.HomePageTest@5884a914]" started-at="2022-07-18T06:45:53 IST" name="SetUp" finished-at="2022-07-18T06:46:07 IST" duration-ms="13472" status="PASS">
          <reporter-output>
          </reporter-output>
        </test-method> <!-- SetUp -->
        <test-method signature="checkProfileTextTest()[pri:1, instance:FB.TestCases.HomePageTest@5884a914]" started-at="2022-07-18T06:46:07 IST" name="checkProfileTextTest" finished-at="2022-07-18T06:46:07 IST" duration-ms="71" status="PASS">
          <reporter-output>
          </reporter-output>
        </test-method> <!-- checkProfileTextTest -->
        <test-method is-config="true" signature="tearDown()[pri:0, instance:FB.TestCases.HomePageTest@5884a914]" started-at="2022-07-18T06:46:07 IST" name="tearDown" finished-at="2022-07-18T06:46:12 IST" duration-ms="5380" status="PASS">
          <reporter-output>
          </reporter-output>
        </test-method> <!-- tearDown -->
        <test-method is-config="true" signature="SetUp()[pri:0, instance:FB.TestCases.HomePageTest@5884a914]" started-at="2022-07-18T06:46:12 IST" name="SetUp" finished-at="2022-07-18T06:46:25 IST" duration-ms="13215" status="PASS">
          <reporter-output>
          </reporter-output>
        </test-method> <!-- SetUp -->
        <test-method signature="clickOnProfileTest()[pri:2, instance:FB.TestCases.HomePageTest@5884a914]" started-at="2022-07-18T06:46:25 IST" name="clickOnProfileTest" finished-at="2022-07-18T06:46:26 IST" duration-ms="264" status="PASS">
          <reporter-output>
          </reporter-output>
        </test-method> <!-- clickOnProfileTest -->
        <test-method is-config="true" signature="tearDown()[pri:0, instance:FB.TestCases.HomePageTest@5884a914]" started-at="2022-07-18T06:46:26 IST" name="tearDown" finished-at="2022-07-18T06:46:31 IST" duration-ms="5389" status="PASS">
          <reporter-output>
          </reporter-output>
        </test-method> <!-- tearDown -->
        <test-method is-config="true" signature="SetUp()[pri:0, instance:FB.TestCases.HomePageTest@5884a914]" started-at="2022-07-18T06:46:31 IST" name="SetUp" finished-at="2022-07-18T06:46:47 IST" duration-ms="16194" status="PASS">
          <reporter-output>
          </reporter-output>
        </test-method> <!-- SetUp -->
        <test-method signature="FindFriendstextTest()[pri:3, instance:FB.TestCases.HomePageTest@5884a914]" started-at="2022-07-18T06:46:47 IST" name="FindFriendstextTest" finished-at="2022-07-18T06:46:47 IST" duration-ms="62" status="PASS">
          <reporter-output>
          </reporter-output>
        </test-method> <!-- FindFriendstextTest -->
        <test-method is-config="true" signature="tearDown()[pri:0, instance:FB.TestCases.HomePageTest@5884a914]" started-at="2022-07-18T06:46:47 IST" name="tearDown" finished-at="2022-07-18T06:46:53 IST" duration-ms="5323" status="PASS">
          <reporter-output>
          </reporter-output>
        </test-method> <!-- tearDown -->
        <test-method is-config="true" signature="SetUp()[pri:0, instance:FB.TestCases.HomePageTest@5884a914]" started-at="2022-07-18T06:46:53 IST" name="SetUp" finished-at="2022-07-18T06:47:06 IST" duration-ms="13823" status="PASS">
          <reporter-output>
          </reporter-output>
        </test-method> <!-- SetUp -->
        <test-method signature="FindFriendsVisibleTextTest()[pri:4, instance:FB.TestCases.HomePageTest@5884a914]" started-at="2022-07-18T06:47:06 IST" name="FindFriendsVisibleTextTest" finished-at="2022-07-18T06:47:07 IST" duration-ms="188" status="PASS">
          <reporter-output>
          </reporter-output>
        </test-method> <!-- FindFriendsVisibleTextTest -->
        <test-method is-config="true" signature="tearDown()[pri:0, instance:FB.TestCases.HomePageTest@5884a914]" started-at="2022-07-18T06:47:07 IST" name="tearDown" finished-at="2022-07-18T06:47:12 IST" duration-ms="5330" status="PASS">
          <reporter-output>
          </reporter-output>
        </test-method> <!-- tearDown -->
        <test-method is-config="true" signature="SetUp()[pri:0, instance:FB.TestCases.HomePageTest@5884a914]" started-at="2022-07-18T06:47:12 IST" name="SetUp" finished-at="2022-07-18T06:47:36 IST" duration-ms="23782" status="PASS">
          <reporter-output>
          </reporter-output>
        </test-method> <!-- SetUp -->
        <test-method signature="createStoryTest()[pri:5, instance:FB.TestCases.HomePageTest@5884a914]" started-at="2022-07-18T06:47:36 IST" name="createStoryTest" finished-at="2022-07-18T06:47:43 IST" duration-ms="6913" status="PASS">
          <reporter-output>
          </reporter-output>
        </test-method> <!-- createStoryTest -->
        <test-method is-config="true" signature="tearDown()[pri:0, instance:FB.TestCases.HomePageTest@5884a914]" started-at="2022-07-18T06:47:43 IST" name="tearDown" finished-at="2022-07-18T06:47:48 IST" duration-ms="5611" status="PASS">
          <reporter-output>
          </reporter-output>
        </test-method> <!-- tearDown -->
      </class> <!-- FB.TestCases.HomePageTest -->
    </test> <!-- Test -->
  </suite> <!-- Suite -->
</testng-results>
